<?xml version="1.0" encoding="UTF-8"?>
<testsuite xmlns:xsi="http://www.w3.org/2001/XMLSchema-instance" xsi:noNamespaceSchemaLocation="https://maven.apache.org/surefire/maven-failsafe-plugin/xsd/failsafe-test-report-3.0.xsd" version="3.0" name="it.io.openliberty.guides.inventory.InventoryEndpointIT" time="4.286" tests="3" errors="0" skipped="0" failures="0">
  <properties>
[...]
</properties>
  <testcase name="testHostRegistration" classname="it.io.openliberty.guides.inventory.InventoryEndpointIT" time="0.646"/>
  <testcase name="testSystemPropertiesMatch" classname="it.io.openliberty.guides.inventory.InventoryEndpointIT" time="0.024"/>
  <testcase name="testUnknownHost" classname="it.io.openliberty.guides.inventory.InventoryEndpointIT" time="3.587"/>
</testsuite>